# JRE version: Java(TM) SE Runtime Environment (8.0_201-b09) (build 1.8.0_201-b09)
# Java VM: Java HotSpot(TM) 64-Bit Server VM (25.201-b09 mixed mode windows-amd64 compressed oops)
Heap:
 PSYoungGen      total 138240K, used 72368K [0x00000000d6000000, 0x00000000e4280000, 0x0000000100000000)
  eden space 129536K, 49% used [0x00000000d6000000,0x00000000d9e340e8,0x00000000dde80000)
  from space 8704K, 99% used [0x00000000dde80000,0x00000000de6f80b0,0x00000000de700000)
  to   space 10752K, 0% used [0x00000000e3800000,0x00000000e3800000,0x00000000e4280000)
 ParOldGen       total 47616K, used 9013K [0x0000000082000000, 0x0000000084e80000, 0x00000000d6000000)
  object space 47616K, 18% used [0x0000000082000000,0x00000000828cd478,0x0000000084e80000)
 Metaspace       used 33479K, capacity 35163K, committed 35456K, reserved 1081344K
  class space    used 4551K, capacity 4880K, committed 4992K, reserved 1048576K
GC Heap History (10 events):
Event: 3.192 GC heap before
{Heap before GC invocations=4 (full 0):
 PSYoungGen      total 37888K, used 37864K [0x00000000d6000000, 0x00000000daa00000, 0x0000000100000000)
  eden space 32768K, 100% used [0x00000000d6000000,0x00000000d8000000,0x00000000d8000000)
  from space 5120K, 99% used [0x00000000d8000000,0x00000000d84fa1b0,0x00000000d8500000)
  to   space 5120K, 0% used [0x00000000da500000,0x00000000da500000,0x00000000daa00000)
 ParOldGen       total 86016K, used 2200K [0x0000000082000000, 0x0000000087400000, 0x00000000d6000000)
  object space 86016K, 2% used [0x0000000082000000,0x0000000082226368,0x0000000087400000)
 Metaspace       used 19538K, capacity 20220K, committed 20480K, reserved 1067008K
  class space    used 2603K, capacity 2778K, committed 2816K, reserved 1048576K
Event: 3.203 GC heap after
Heap after GC invocations=4 (full 0):
 PSYoungGen      total 70656K, used 5114K [0x00000000d6000000, 0x00000000daa00000, 0x0000000100000000)
  eden space 65536K, 0% used [0x00000000d6000000,0x00000000d6000000,0x00000000da000000)
  from space 5120K, 99% used [0x00000000da500000,0x00000000da9feaa8,0x00000000daa00000)
  to   space 5120K, 0% used [0x00000000da000000,0x00000000da000000,0x00000000da500000)
 ParOldGen       total 86016K, used 5146K [0x0000000082000000, 0x0000000087400000, 0x00000000d6000000)
  object space 86016K, 5% used [0x0000000082000000,0x0000000082506a80,0x0000000087400000)
 Metaspace       used 19538K, capacity 20220K, committed 20480K, reserved 1067008K
  class space    used 2603K, capacity 2778K, committed 2816K, reserved 1048576K
}
Event: 3.275 GC heap before
{Heap before GC invocations=5 (full 0):
 PSYoungGen      total 70656K, used 13874K [0x00000000d6000000, 0x00000000daa00000, 0x0000000100000000)
  eden space 65536K, 13% used [0x00000000d6000000,0x00000000d688dfe8,0x00000000da000000)
  from space 5120K, 99% used [0x00000000da500000,0x00000000da9feaa8,0x00000000daa00000)
  to   space 5120K, 0% used [0x00000000da000000,0x00000000da000000,0x00000000da500000)
 ParOldGen       total 86016K, used 5146K [0x0000000082000000, 0x0000000087400000, 0x00000000d6000000)
  object space 86016K, 5% used [0x0000000082000000,0x0000000082506a80,0x0000000087400000)
 Metaspace       used 20504K, capacity 21229K, committed 21296K, reserved 1067008K
  class space    used 2745K, capacity 2944K, committed 2944K, reserved 1048576K
Event: 3.283 GC heap after
Heap after GC invocations=5 (full 0):
 PSYoungGen      total 70656K, used 5114K [0x00000000d6000000, 0x00000000df100000, 0x0000000100000000)
  eden space 65536K, 0% used [0x00000000d6000000,0x00000000d6000000,0x00000000da000000)
  from space 5120K, 99% used [0x00000000da000000,0x00000000da4feb68,0x00000000da500000)
  to   space 8704K, 0% used [0x00000000de880000,0x00000000de880000,0x00000000df100000)
 ParOldGen       total 86016K, used 6014K [0x0000000082000000, 0x0000000087400000, 0x00000000d6000000)
  object space 86016K, 6% used [0x0000000082000000,0x00000000825df800,0x0000000087400000)
 Metaspace       used 20504K, capacity 21229K, committed 21296K, reserved 1067008K
  class space    used 2745K, capacity 2944K, committed 2944K, reserved 1048576K
}
Event: 3.284 GC heap before
{Heap before GC invocations=6 (full 1):
 PSYoungGen      total 70656K, used 5114K [0x00000000d6000000, 0x00000000df100000, 0x0000000100000000)
  eden space 65536K, 0% used [0x00000000d6000000,0x00000000d6000000,0x00000000da000000)
  from space 5120K, 99% used [0x00000000da000000,0x00000000da4feb68,0x00000000da500000)
  to   space 8704K, 0% used [0x00000000de880000,0x00000000de880000,0x00000000df100000)
 ParOldGen       total 86016K, used 6014K [0x0000000082000000, 0x0000000087400000, 0x00000000d6000000)
  object space 86016K, 6% used [0x0000000082000000,0x00000000825df800,0x0000000087400000)
 Metaspace       used 20504K, capacity 21229K, committed 21296K, reserved 1067008K
  class space    used 2745K, capacity 2944K, committed 2944K, reserved 1048576K
Event: 3.313 GC heap after
Heap after GC invocations=6 (full 1):
 PSYoungGen      total 70656K, used 0K [0x00000000d6000000, 0x00000000df100000, 0x0000000100000000)
  eden space 65536K, 0% used [0x00000000d6000000,0x00000000d6000000,0x00000000da000000)
  from space 5120K, 0% used [0x00000000da000000,0x00000000da000000,0x00000000da500000)
  to   space 8704K, 0% used [0x00000000de880000,0x00000000de880000,0x00000000df100000)
 ParOldGen       total 47616K, used 5948K [0x0000000082000000, 0x0000000084e80000, 0x00000000d6000000)
  object space 47616K, 12% used [0x0000000082000000,0x00000000825cf1a0,0x0000000084e80000)
 Metaspace       used 20502K, capacity 21223K, committed 21296K, reserved 1067008K
  class space    used 2745K, capacity 2943K, committed 2944K, reserved 1048576K
}
Event: 4.417 GC heap before
{Heap before GC invocations=7 (full 1):
 PSYoungGen      total 70656K, used 65533K [0x00000000d6000000, 0x00000000df100000, 0x0000000100000000)
  eden space 65536K, 99% used [0x00000000d6000000,0x00000000d9fff5b8,0x00000000da000000)
  from space 5120K, 0% used [0x00000000da000000,0x00000000da000000,0x00000000da500000)
  to   space 8704K, 0% used [0x00000000de880000,0x00000000de880000,0x00000000df100000)
 ParOldGen       total 47616K, used 5948K [0x0000000082000000, 0x0000000084e80000, 0x00000000d6000000)
  object space 47616K, 12% used [0x0000000082000000,0x00000000825cf1a0,0x0000000084e80000)
 Metaspace       used 22302K, capacity 23251K, committed 23552K, reserved 1069056K
  class space    used 3044K, capacity 3272K, committed 3328K, reserved 1048576K
Event: 4.427 GC heap after
Heap after GC invocations=7 (full 1):
 PSYoungGen      total 125952K, used 6743K [0x00000000d6000000, 0x00000000def80000, 0x0000000100000000)
  eden space 118784K, 0% used [0x00000000d6000000,0x00000000d6000000,0x00000000dd400000)
  from space 7168K, 94% used [0x00000000de880000,0x00000000def15fe0,0x00000000def80000)
  to   space 8704K, 0% used [0x00000000dde80000,0x00000000dde80000,0x00000000de700000)
 ParOldGen       total 47616K, used 5956K [0x0000000082000000, 0x0000000084e80000, 0x00000000d6000000)
  object space 47616K, 12% used [0x0000000082000000,0x00000000825d11a0,0x0000000084e80000)
 Metaspace       used 22302K, capacity 23251K, committed 23552K, reserved 1069056K
  class space    used 3044K, capacity 3272K, committed 3328K, reserved 1048576K
}
Event: 6.319 GC heap before
{Heap before GC invocations=8 (full 1):
 PSYoungGen      total 125952K, used 125527K [0x00000000d6000000, 0x00000000def80000, 0x0000000100000000)
  eden space 118784K, 100% used [0x00000000d6000000,0x00000000dd400000,0x00000000dd400000)
  from space 7168K, 94% used [0x00000000de880000,0x00000000def15fe0,0x00000000def80000)
  to   space 8704K, 0% used [0x00000000dde80000,0x00000000dde80000,0x00000000de700000)
 ParOldGen       total 47616K, used 5956K [0x0000000082000000, 0x0000000084e80000, 0x00000000d6000000)
  object space 47616K, 12% used [0x0000000082000000,0x00000000825d11a0,0x0000000084e80000)
 Metaspace       used 28421K, capacity 29961K, committed 30080K, reserved 1075200K
  class space    used 3872K, capacity 4189K, committed 4224K, reserved 1048576K
Event: 6.335 GC heap after
Heap after GC invocations=8 (full 1):
 PSYoungGen      total 138240K, used 8672K [0x00000000d6000000, 0x00000000e4280000, 0x0000000100000000)
  eden space 129536K, 0% used [0x00000000d6000000,0x00000000d6000000,0x00000000dde80000)
  from space 8704K, 99% used [0x00000000dde80000,0x00000000de6f80b0,0x00000000de700000)
  to   space 10752K, 0% used [0x00000000e3800000,0x00000000e3800000,0x00000000e4280000)
 ParOldGen       total 47616K, used 9013K [0x0000000082000000, 0x0000000084e80000, 0x00000000d6000000)
  object space 47616K, 18% used [0x0000000082000000,0x00000000828cd478,0x0000000084e80000)
 Metaspace       used 28421K, capacity 29961K, committed 30080K, reserved 1075200K
  class space    used 3872K, capacity 4189K, committed 4224K, reserved 1048576K
}

